Assembler report for cdma
Sat May 07 20:05:57 2016
Quartus II 64-Bit Version 15.0.0 Build 145 04/22/2015 SJ Web Edition


---------------------
; Table of Contents ;
---------------------
  1. Legal Notice
  2. Assembler Summary
  3. Assembler Settings
  4. Assembler Generated Files
  5. Assembler Device Options: E:/mySpring16/DCSDI/UB LEARNS UPLOAD DOCS/CDMA/output_files/cdma.sof
  6. Assembler Messages



----------------
; Legal Notice ;
----------------
Copyright (C) 1991-2015 Altera Corporation. All rights reserved.
Your use of Altera Corporation's design tools, logic functions 
and other software and tools, and its AMPP partner logic 
functions, and any output files from any of the foregoing 
(including device programming or simulation files), and any 
associated documentation or information are expressly subject 
to the terms and conditions of the Altera Program License 
Subscription Agreement, the Altera Quartus II License Agreement,
the Altera MegaCore Function License Agreement, or other 
applicable license agreement, including, without limitation, 
that your use is for the sole purpose of programming logic 
devices manufactured by Altera and sold by Altera or its 
authorized distributors.  Please refer to the applicable 
agreement for further details.



+---------------------------------------------------------------+
; Assembler Summary                                             ;
+-----------------------+---------------------------------------+
; Assembler Status      ; Successful - Sat May 07 20:05:57 2016 ;
; Revision Name         ; cdma                                  ;
; Top-level Entity Name ; cdma_top                              ;
; Family                ; Cyclone IV GX                         ;
; Device                ; EP4CGX150DF31C7                       ;
+-----------------------+---------------------------------------+


+----------------------------------+
; Assembler Settings               ;
+--------+---------+---------------+
; Option ; Setting ; Default Value ;
+--------+---------+---------------+


+----------------------------------------------------------------------+
; Assembler Generated Files                                            ;
+----------------------------------------------------------------------+
; File Name                                                            ;
+----------------------------------------------------------------------+
; E:/mySpring16/DCSDI/UB LEARNS UPLOAD DOCS/CDMA/output_files/cdma.sof ;
+----------------------------------------------------------------------+


+------------------------------------------------------------------------------------------------+
; Assembler Device Options: E:/mySpring16/DCSDI/UB LEARNS UPLOAD DOCS/CDMA/output_files/cdma.sof ;
+----------------+-------------------------------------------------------------------------------+
; Option         ; Setting                                                                       ;
+----------------+-------------------------------------------------------------------------------+
; Device         ; EP4CGX150DF31C7                                                               ;
; JTAG usercode  ; 0x0075D941                                                                    ;
; Checksum       ; 0x0075D941                                                                    ;
+----------------+-------------------------------------------------------------------------------+


+--------------------+
; Assembler Messages ;
+--------------------+
Info: *******************************************************************
Info: Running Quartus II 64-Bit Assembler
    Info: Version 15.0.0 Build 145 04/22/2015 SJ Web Edition
    Info: Processing started: Sat May 07 20:05:48 2016
Info: Command: quartus_asm --read_settings_files=off --write_settings_files=off cdma -c cdma
Info (115031): Writing out detailed assembly data for power analysis
Info (115030): Assembler is generating device programming files
Info: Quartus II 64-Bit Assembler was successful. 0 errors, 0 warnings
    Info: Peak virtual memory: 686 megabytes
    Info: Processing ended: Sat May 07 20:05:57 2016
    Info: Elapsed time: 00:00:09
    Info: Total CPU time (on all processors): 00:00:08


